\BOOKMARK [1][-]{section.1}{\376\377\000I\000n\000t\000r\000o\000d\000u\000c\000c\000i\000\363\000n}{}% 1
\BOOKMARK [1][-]{section.2}{\376\377\000E\000s\000t\000r\000u\000c\000t\000u\000r\000a\000\040\000d\000e\000l\000\040\000P\000r\000o\000y\000e\000c\000t\000o}{}% 2
\BOOKMARK [1][-]{section.3}{\376\377\000L\000a\000\040\000L\000i\000n\000t\000e\000r\000n\000a\000:\000\040\000C\000a\000m\000e\000r\000a\000M\000a\000n\000a\000g\000e\000r}{}% 3
\BOOKMARK [2][-]{subsection.3.1}{\376\377\000A\000P\000I\000\040\000u\000t\000i\000l\000i\000z\000a\000d\000a}{section.3}% 4
\BOOKMARK [2][-]{subsection.3.2}{\376\377\000B\000\372\000s\000q\000u\000e\000d\000a\000\040\000d\000e\000l\000\040\000I\000D\000\040\000d\000e\000\040\000c\000\341\000m\000a\000r\000a\000\040\000c\000o\000n\000\040\000f\000l\000a\000s\000h}{section.3}% 5
\BOOKMARK [2][-]{subsection.3.3}{\376\377\000T\000o\000g\000g\000l\000e\000\040\000d\000e\000\040\000l\000a\000\040\000l\000i\000n\000t\000e\000r\000n\000a}{section.3}% 6
\BOOKMARK [2][-]{subsection.3.4}{\376\377\000S\000i\000n\000c\000r\000o\000n\000i\000z\000a\000c\000i\000\363\000n\000\040\000d\000e\000\040\000e\000s\000t\000a\000d\000o\000\040\000c\000o\000n\000\040\000T\000o\000r\000c\000h\000C\000a\000l\000l\000b\000a\000c\000k}{section.3}% 7
\BOOKMARK [2][-]{subsection.3.5}{\376\377\000A\000c\000t\000u\000a\000l\000i\000z\000a\000c\000i\000\363\000n\000\040\000d\000e\000l\000\040\000i\000n\000d\000i\000c\000a\000d\000o\000r\000\040\000v\000i\000s\000u\000a\000l}{section.3}% 8
\BOOKMARK [1][-]{section.4}{\376\377\000E\000l\000\040\000A\000c\000e\000l\000e\000r\000\363\000m\000e\000t\000r\000o\000:\000\040\000S\000e\000n\000s\000o\000r\000M\000a\000n\000a\000g\000e\000r}{}% 9
\BOOKMARK [2][-]{subsection.4.1}{\376\377\000A\000P\000I\000\040\000u\000t\000i\000l\000i\000z\000a\000d\000a}{section.4}% 10
\BOOKMARK [2][-]{subsection.4.2}{\376\377\000C\000i\000c\000l\000o\000\040\000d\000e\000\040\000v\000i\000d\000a\000:\000\040\000r\000e\000g\000i\000s\000t\000r\000o\000\040\000y\000\040\000d\000e\000s\000r\000e\000g\000i\000s\000t\000r\000o\000\040\000d\000e\000l\000\040\000l\000i\000s\000t\000e\000n\000e\000r}{section.4}% 11
\BOOKMARK [1][-]{section.5}{\376\377\000D\000e\000t\000e\000c\000c\000i\000\363\000n\000\040\000d\000e\000\040\000S\000a\000c\000u\000d\000i\000d\000a}{}% 12
\BOOKMARK [2][-]{subsection.5.1}{\376\377\000C\000\341\000l\000c\000u\000l\000o\000\040\000d\000e\000\040\000l\000a\000\040\000m\000a\000g\000n\000i\000t\000u\000d}{section.5}% 13
\BOOKMARK [2][-]{subsection.5.2}{\376\377\000A\000l\000g\000o\000r\000i\000t\000m\000o\000\040\000d\000e\000\040\000d\000e\000t\000e\000c\000c\000i\000\363\000n}{section.5}% 14
\BOOKMARK [2][-]{subsection.5.3}{\376\377\000C\000o\000n\000s\000t\000a\000n\000t\000e\000s\000\040\000y\000\040\000u\000m\000b\000r\000a\000l\000\040\000c\000o\000n\000f\000i\000g\000u\000r\000a\000b\000l\000e}{section.5}% 15
\BOOKMARK [1][-]{section.6}{\376\377\000G\000r\000\341\000f\000i\000c\000o\000\040\000e\000n\000\040\000T\000i\000e\000m\000p\000o\000\040\000R\000e\000a\000l\000:\000\040\000A\000c\000c\000e\000l\000e\000r\000o\000m\000e\000t\000e\000r\000G\000r\000a\000p\000h\000V\000i\000e\000w}{}% 16
\BOOKMARK [2][-]{subsection.6.1}{\376\377\000V\000i\000s\000t\000a\000\040\000p\000e\000r\000s\000o\000n\000a\000l\000i\000z\000a\000d\000a\000\040\000c\000o\000n\000\040\000C\000a\000n\000v\000a\000s}{section.6}% 17
\BOOKMARK [2][-]{subsection.6.2}{\376\377\000B\000u\000f\000f\000e\000r\000\040\000c\000i\000r\000c\000u\000l\000a\000r}{section.6}% 18
\BOOKMARK [2][-]{subsection.6.3}{\376\377\000I\000n\000i\000c\000i\000a\000l\000i\000z\000a\000c\000i\000\363\000n\000\040\000d\000e\000\040\000l\000o\000s\000\040\000p\000i\000n\000c\000e\000l\000e\000s}{section.6}% 19
\BOOKMARK [2][-]{subsection.6.4}{\376\377\000M\000\351\000t\000o\000d\000o\000\040\000o\000n\000D\000r\000a\000w}{section.6}% 20
\BOOKMARK [1][-]{section.7}{\376\377\000E\000j\000e\000c\000u\000c\000i\000\363\000n\000\040\000e\000n\000\040\000S\000e\000g\000u\000n\000d\000o\000\040\000P\000l\000a\000n\000o\000:\000\040\000T\000o\000r\000c\000h\000S\000e\000r\000v\000i\000c\000e}{}% 21
\BOOKMARK [2][-]{subsection.7.1}{\376\377\000M\000o\000t\000i\000v\000a\000c\000i\000\363\000n}{section.7}% 22
\BOOKMARK [2][-]{subsection.7.2}{\376\377\000A\000r\000q\000u\000i\000t\000e\000c\000t\000u\000r\000a\000\040\000d\000e\000l\000\040\000s\000e\000r\000v\000i\000c\000i\000o}{section.7}% 23
\BOOKMARK [2][-]{subsection.7.3}{\376\377\000T\000r\000a\000s\000p\000a\000s\000o\000\040\000d\000e\000\040\000c\000o\000n\000t\000r\000o\000l\000\040\000e\000n\000t\000r\000e\000\040\000A\000c\000t\000i\000v\000i\000t\000y\000\040\000y\000\040\000S\000e\000r\000v\000i\000c\000e}{section.7}% 24
\BOOKMARK [2][-]{subsection.7.4}{\376\377\000T\000o\000g\000g\000l\000e\000\040\000e\000n\000\040\000l\000a\000\040\000i\000n\000t\000e\000r\000f\000a\000z}{section.7}% 25
\BOOKMARK [2][-]{subsection.7.5}{\376\377\000D\000e\000c\000l\000a\000r\000a\000c\000i\000\363\000n\000\040\000e\000n\000\040\000e\000l\000\040\000M\000a\000n\000i\000f\000e\000s\000t}{section.7}% 26
\BOOKMARK [1][-]{section.8}{\376\377\000C\000o\000n\000c\000l\000u\000s\000i\000o\000n\000e\000s}{}% 27
